[2021-10-30 00:05:30] local.ALERT: 010  
[2021-10-30 00:05:30] local.ALERT: here  
[2021-10-30 16:37:27] local.ERROR: Call to undefined function getDetails() (View: /var/www/html/resources/views/livewire/dynamic-settlement.blade.php) {"view":{"view":"/var/www/html/resources/views/livewire/dynamic-settlement.blade.php","data":{"errors":"<pre class=sf-dump id=sf-dump-122774511 data-indent-pad=\"  \"><span class=sf-dump-note>Illuminate\\Support\\ViewErrorBag</span> {<a class=sf-dump-ref>#2429</a><samp data-depth=1 class=sf-dump-expanded>
  #<span class=sf-dump-protected title=\"Protected property\">bags</span>: <span class=sf-dump-note>array:1</span> [<samp data-depth=2 class=sf-dump-compact>
    \"<span class=sf-dump-key>default</span>\" => <span class=sf-dump-note title=\"Illuminate\\Support\\MessageBag
\"><span class=\"sf-dump-ellipsis sf-dump-ellipsis-note\">Illuminate\\Support</span><span class=\"sf-dump-ellipsis sf-dump-ellipsis-note\">\\</span>MessageBag</span> {<a class=sf-dump-ref>#2405</a><samp data-depth=3 class=sf-dump-compact>
      #<span class=sf-dump-protected title=\"Protected property\">messages</span>: []
      #<span class=sf-dump-protected title=\"Protected property\">format</span>: \"<span class=sf-dump-str title=\"8 characters\">:message</span>\"
    </samp>}
  </samp>]
</samp>}
</pre><script>Sfdump(\"sf-dump-122774511\", {\"maxDepth\":3,\"maxStringLength\":160})</script>
","_instance":"<pre class=sf-dump id=sf-dump-1449831593 data-indent-pad=\"  \"><span class=sf-dump-note>App\\Http\\Livewire\\DynamicSettlement</span> {<a class=sf-dump-ref href=#sf-dump-1449831593-ref22406 title=\"5 occurrences\">#2406</a><samp data-depth=1 id=sf-dump-1449831593-ref22406 class=sf-dump-expanded>
  +<span class=sf-dump-public title=\"Public property\">user_type</span>: \"<span class=sf-dump-str title=\"8 characters\">provider</span>\"
  +<span class=sf-dump-public title=\"Public property\">user_id</span>: <span class=sf-dump-num>0</span>
  +<span class=sf-dump-public title=\"Public property\">user</span>: <span class=sf-dump-const>null</span>
  +<span class=sf-dump-public title=\"Public property\">found_status</span>: <span class=sf-dump-const>true</span>
  +<span class=sf-dump-public title=\"Public property\">email</span>: <span class=sf-dump-const>null</span>
  +<span class=sf-dump-public title=\"Public property\">suggestions</span>: []
  +<span class=sf-dump-public title=\"Public property\">id</span>: \"<span class=sf-dump-str title=\"20 characters\">GZCDAoDW3RVanm7RYRfx</span>\"
  #<span class=sf-dump-protected title=\"Protected property\">queryString</span>: []
  #<span class=sf-dump-protected title=\"Protected property\">computedPropertyCache</span>: []
  #<span class=sf-dump-protected title=\"Protected property\">initialLayoutConfiguration</span>: []
  #<span class=sf-dump-protected title=\"Protected property\">shouldSkipRender</span>: <span class=sf-dump-const>false</span>
  #<span class=sf-dump-protected title=\"Protected property\">preRenderedView</span>: <span class=sf-dump-note title=\"Illuminate\\View\\View
\"><span class=\"sf-dump-ellipsis sf-dump-ellipsis-note\">Illuminate\\View</span><span class=\"sf-dump-ellipsis sf-dump-ellipsis-note\">\\</span>View</span> {<a class=sf-dump-ref>#2411</a><samp data-depth=2 class=sf-dump-compact>
    #<span class=sf-dump-protected title=\"Protected property\">factory</span>: <span class=sf-dump-note title=\"Illuminate\\View\\Factory
\"><span class=\"sf-dump-ellipsis sf-dump-ellipsis-note\">Illuminate\\View</span><span class=\"sf-dump-ellipsis sf-dump-ellipsis-note\">\\</span>Factory</span> {<a class=sf-dump-ref href=#sf-dump-1449831593-ref21905 title=\"3 occurrences\">#1905</a><samp data-depth=3 id=sf-dump-1449831593-ref21905 class=sf-dump-compact>
      #<span class=sf-dump-protected title=\"Protected property\">engines</span>: <span class=sf-dump-note title=\"Illuminate\\View\\Engines\\EngineResolver
\"><span class=\"sf-dump-ellipsis sf-dump-ellipsis-note\">Illuminate\\View\\Engines</span><span class=\"sf-dump-ellipsis sf-dump-ellipsis-note\">\\</span>EngineResolver</span> {<a class=sf-dump-ref href=#sf-dump-1449831593-ref2175 title=\"2 occurrences\">#175</a> &hellip;2}
      #<span class=sf-dump-protected title=\"Protected property\">finder</span>: <span class=sf-dump-note title=\"Illuminate\\View\\FileViewFinder
\"><span class=\"sf-dump-ellipsis sf-dump-ellipsis-note\">Illuminate\\View</span><span class=\"sf-dump-ellipsis sf-dump-ellipsis-note\">\\</span>FileViewFinder</span> {<a class=sf-dump-ref>#1903</a> &hellip;5}
      #<span class=sf-dump-protected title=\"Protected property\">events</span>: <span class=sf-dump-note title=\"Illuminate\\Events\\Dispatcher
\"><span class=\"sf-dump-ellipsis sf-dump-ellipsis-note\">Illuminate\\Events</span><span class=\"sf-dump-ellipsis sf-dump-ellipsis-note\">\\</span>Dispatcher</span> {<a class=sf-dump-ref href=#sf-dump-1449831593-ref227 title=\"46 occurrences\">#27</a> &hellip;5}
      #<span class=sf-dump-protected title=\"Protected property\">container</span>: <span class=sf-dump-note title=\"Illuminate\\Foundation\\Application
\"><span class=\"sf-dump-ellipsis sf-dump-ellipsis-note\">Illuminate\\Foundation</span><span class=\"sf-dump-ellipsis sf-dump-ellipsis-note\">\\</span>Application</span> {<a class=sf-dump-ref href=#sf-dump-1449831593-ref22 title=\"84 occurrences\">#2</a> &hellip;37}
      #<span class=sf-dump-protected title=\"Protected property\">shared</span>: <span class=sf-dump-note>array:4</span> [ &hellip;4]
      #<span class=sf-dump-protected title=\"Protected property\">extensions</span>: <span class=sf-dump-note>array:4</span> [ &hellip;4]
      #<span class=sf-dump-protected title=\"Protected property\">composers</span>: []
      #<span class=sf-dump-protected title=\"Protected property\">renderCount</span>: <span class=sf-dump-num>0</span>
      #<span class=sf-dump-protected title=\"Protected property\">renderedOnce</span>: []
      #<span class=sf-dump-protected title=\"Protected property\">componentStack</span>: <span class=sf-dump-note>array:1</span> [ &hellip;1]
      #<span class=sf-dump-protected title=\"Protected property\">componentData</span>: <span class=sf-dump-note>array:1</span> [ &hellip;1]
      #<span class=sf-dump-protected title=\"Protected property\">slots</span>: <span class=sf-dump-note>array:1</span> [ &hellip;1]
      #<span class=sf-dump-protected title=\"Protected property\">slotStack</span>: []
      #<span class=sf-dump-protected title=\"Protected property\">sections</span>: []
      #<span class=sf-dump-protected title=\"Protected property\">sectionStack</span>: []
      #<span class=sf-dump-protected title=\"Protected property\">loopsStack</span>: []
      #<span class=sf-dump-protected title=\"Protected property\">pushes</span>: []
      #<span class=sf-dump-protected title=\"Protected property\">prepends</span>: []
      #<span class=sf-dump-protected title=\"Protected property\">pushStack</span>: []
      #<span class=sf-dump-protected title=\"Protected property\">translationReplacements</span>: []
    </samp>}
    #<span class=sf-dump-protected title=\"Protected property\">engine</span>: <span class=sf-dump-note title=\"Livewire\\CompilerEngineForIgnition
\"><span class=\"sf-dump-ellipsis sf-dump-ellipsis-note\">Livewire</span><span class=\"sf-dump-ellipsis sf-dump-ellipsis-note\">\\</span>CompilerEngineForIgnition</span> {<a class=sf-dump-ref href=#sf-dump-1449831593-ref22394 title=\"2 occurrences\">#2394</a><samp data-depth=3 id=sf-dump-1449831593-ref22394 class=sf-dump-compact>
      #<span class=sf-dump-protected title=\"Protected property\">currentPath</span>: \"<span class=sf-dump-str title=\"67 characters\">/var/www/html/resources/views/livewire/dynamic-settlement.blade.php</span>\"
      #<span class=sf-dump-protected title=\"Protected property\">compiler</span>: <span class=sf-dump-note title=\"Illuminate\\View\\Compilers\\BladeCompiler
\"><span class=\"sf-dump-ellipsis sf-dump-ellipsis-note\">Illuminate\\View\\Compilers</span><span class=\"sf-dump-ellipsis sf-dump-ellipsis-note\">\\</span>BladeCompiler</span> {<a class=sf-dump-ref href=#sf-dump-1449831593-ref2182 title=\"2 occurrences\">#182</a> &hellip;22}
      #<span class=sf-dump-protected title=\"Protected property\">lastCompiled</span>: <span class=sf-dump-note>array:2</span> [ &hellip;2]
      #<span class=sf-dump-protected title=\"Protected property\">files</span>: <span class=sf-dump-note title=\"Illuminate\\Filesystem\\Filesystem
\"><span class=\"sf-dump-ellipsis sf-dump-ellipsis-note\">Illuminate\\Filesystem</span><span class=\"sf-dump-ellipsis sf-dump-ellipsis-note\">\\</span>Filesystem</span> {<a class=sf-dump-ref>#2407</a>}
      #<span class=sf-dump-protected title=\"Protected property\">lastCompiledData</span>: <span class=sf-dump-note>array:2</span> [ &hellip;2]
      #<span class=sf-dump-protected title=\"Protected property\">livewireComponents</span>: <span class=sf-dump-note>array:1</span> [ &hellip;1]
    </samp>}
    #<span class=sf-dump-protected title=\"Protected property\">view</span>: \"<span class=sf-dump-str title=\"27 characters\">livewire.dynamic-settlement</span>\"
    #<span class=sf-dump-protected title=\"Protected property\">data</span>: <span class=sf-dump-note>array:9</span> [<samp data-depth=3 class=sf-dump-compact>
      \"<span class=sf-dump-key>livewireLayout</span>\" => <span class=sf-dump-const>null</span>
      \"<span class=sf-dump-key>errors</span>\" => <span class=sf-dump-note title=\"Illuminate\\Support\\ViewErrorBag
\"><span class=\"sf-dump-ellipsis sf-dump-ellipsis-note\">Illuminate\\Support</span><span class=\"sf-dump-ellipsis sf-dump-ellipsis-note\">\\</span>ViewErrorBag</span> {<a class=sf-dump-ref href=#sf-dump-1449831593-ref22429 title=\"3 occurrences\">#2429</a> &hellip;1}
      \"<span class=sf-dump-key>_instance</span>\" => <span class=sf-dump-note title=\"App\\Http\\Livewire\\DynamicSettlement
\"><span class=\"sf-dump-ellipsis sf-dump-ellipsis-note\">App\\Http\\Livewire</span><span class=\"sf-dump-ellipsis sf-dump-ellipsis-note\">\\</span>DynamicSettlement</span> {<a class=sf-dump-ref href=#sf-dump-1449831593-ref22406 title=\"5 occurrences\">#2406</a>}
      \"<span class=sf-dump-key>user_type</span>\" => \"<span class=sf-dump-str title=\"8 characters\">provider</span>\"
      \"<span class=sf-dump-key>user_id</span>\" => <span class=sf-dump-num>0</span>
      \"<span class=sf-dump-key>user</span>\" => <span class=sf-dump-const>null</span>
      \"<span class=sf-dump-key>found_status</span>\" => <span class=sf-dump-const>true</span>
      \"<span class=sf-dump-key>email</span>\" => <span class=sf-dump-const>null</span>
      \"<span class=sf-dump-key>suggestions</span>\" => []
    </samp>]
    #<span class=sf-dump-protected title=\"Protected property\">path</span>: \"<span class=sf-dump-str title=\"67 characters\">/var/www/html/resources/views/livewire/dynamic-settlement.blade.php</span>\"
  </samp>}
  #<span class=sf-dump-protected title=\"Protected property\">errorBag</span>: <span class=sf-dump-note title=\"Illuminate\\Support\\MessageBag
\"><span class=\"sf-dump-ellipsis sf-dump-ellipsis-note\">Illuminate\\Support</span><span class=\"sf-dump-ellipsis sf-dump-ellipsis-note\">\\</span>MessageBag</span> {<a class=sf-dump-ref href=#sf-dump-1449831593-ref22405 title=\"2 occurrences\">#2405</a><samp data-depth=2 id=sf-dump-1449831593-ref22405 class=sf-dump-compact>
    #<span class=sf-dump-protected title=\"Protected property\">messages</span>: []
    #<span class=sf-dump-protected title=\"Protected property\">format</span>: \"<span class=sf-dump-str title=\"8 characters\">:message</span>\"
  </samp>}
  #<span class=sf-dump-protected title=\"Protected property\">eventQueue</span>: []
  #<span class=sf-dump-protected title=\"Protected property\">dispatchQueue</span>: []
  #<span class=sf-dump-protected title=\"Protected property\">listeners</span>: []
  +<span class=sf-dump-public title=\"Public property\">redirectTo</span>: <span class=sf-dump-const>null</span>
  #<span class=sf-dump-protected title=\"Protected property\">renderedChildren</span>: []
  #<span class=sf-dump-protected title=\"Protected property\">previouslyRenderedChildren</span>: []
</samp>}
</pre><script>Sfdump(\"sf-dump-1449831593\", {\"maxDepth\":3,\"maxStringLength\":160})</script>
","livewireLayout":"<pre class=sf-dump id=sf-dump-865073857 data-indent-pad=\"  \"><span class=sf-dump-const>null</span>
</pre><script>Sfdump(\"sf-dump-865073857\", {\"maxDepth\":3,\"maxStringLength\":160})</script>
","user_type":"<pre class=sf-dump id=sf-dump-965517041 data-indent-pad=\"  \">\"<span class=sf-dump-str title=\"8 characters\">provider</span>\"
</pre><script>Sfdump(\"sf-dump-965517041\", {\"maxDepth\":3,\"maxStringLength\":160})</script>
","user_id":"<pre class=sf-dump id=sf-dump-186651328 data-indent-pad=\"  \"><span class=sf-dump-num>0</span>
</pre><script>Sfdump(\"sf-dump-186651328\", {\"maxDepth\":3,\"maxStringLength\":160})</script>
","user":"<pre class=sf-dump id=sf-dump-346655271 data-indent-pad=\"  \"><span class=sf-dump-const>null</span>
</pre><script>Sfdump(\"sf-dump-346655271\", {\"maxDepth\":3,\"maxStringLength\":160})</script>
","found_status":"<pre class=sf-dump id=sf-dump-177997416 data-indent-pad=\"  \"><span class=sf-dump-const>true</span>
</pre><script>Sfdump(\"sf-dump-177997416\", {\"maxDepth\":3,\"maxStringLength\":160})</script>
","email":"<pre class=sf-dump id=sf-dump-838016846 data-indent-pad=\"  \"><span class=sf-dump-const>null</span>
</pre><script>Sfdump(\"sf-dump-838016846\", {\"maxDepth\":3,\"maxStringLength\":160})</script>
","suggestions":"<pre class=sf-dump id=sf-dump-2091952307 data-indent-pad=\"  \">[]
</pre><script>Sfdump(\"sf-dump-2091952307\", {\"maxDepth\":3,\"maxStringLength\":160})</script>
"}},"userId":1,"exception":"[object] (Facade\\Ignition\\Exceptions\\ViewException(code: 0): Call to undefined function getDetails() (View: /var/www/html/resources/views/livewire/dynamic-settlement.blade.php) at /var/www/html/resources/views/livewire/dynamic-settlement.blade.php:1)
[stacktrace]
#0 /var/www/html/vendor/livewire/livewire/src/ComponentConcerns/RendersLivewireComponents.php(48): include()
#1 /var/www/html/vendor/livewire/livewire/src/ComponentConcerns/RendersLivewireComponents.php(49): Livewire\\CompilerEngineForIgnition->Livewire\\ComponentConcerns\\{closure}()
#2 /var/www/html/vendor/laravel/framework/src/Illuminate/View/Engines/CompilerEngine.php(61): Livewire\\CompilerEngineForIgnition->evaluatePath()
#3 /var/www/html/vendor/facade/ignition/src/Views/Engines/CompilerEngine.php(37): Illuminate\\View\\Engines\\CompilerEngine->get()
#4 /var/www/html/vendor/laravel/framework/src/Illuminate/View/View.php(139): Facade\\Ignition\\Views\\Engines\\CompilerEngine->get()
#5 /var/www/html/vendor/laravel/framework/src/Illuminate/View/View.php(122): Illuminate\\View\\View->getContents()
#6 /var/www/html/vendor/laravel/framework/src/Illuminate/View/View.php(91): Illuminate\\View\\View->renderContents()
#7 /var/www/html/vendor/livewire/livewire/src/Component.php(184): Illuminate\\View\\View->render()
#8 /var/www/html/vendor/livewire/livewire/src/HydrationMiddleware/RenderView.php(14): Livewire\\Component->output()
#9 /var/www/html/vendor/livewire/livewire/src/LifecycleManager.php(132): Livewire\\HydrationMiddleware\\RenderView::dehydrate()
#10 /var/www/html/vendor/livewire/livewire/src/LivewireManager.php(103): Livewire\\LifecycleManager->initialDehydrate()
#11 /var/www/html/vendor/laravel/framework/src/Illuminate/Support/Facades/Facade.php(261): Livewire\\LivewireManager->mount()
#12 /var/www/html/resources/views/admin/payment/create.blade.php(30): Illuminate\\Support\\Facades\\Facade::__callStatic()
#13 /var/www/html/vendor/laravel/framework/src/Illuminate/Filesystem/Filesystem.php(107): require('/var/www/html/s...')
#14 /var/www/html/vendor/laravel/framework/src/Illuminate/Filesystem/Filesystem.php(108): Illuminate\\Filesystem\\Filesystem::Illuminate\\Filesystem\\{closure}()
#15 /var/www/html/vendor/laravel/framework/src/Illuminate/View/Engines/PhpEngine.php(58): Illuminate\\Filesystem\\Filesystem->getRequire()
#16 /var/www/html/vendor/livewire/livewire/src/ComponentConcerns/RendersLivewireComponents.php(35): Illuminate\\View\\Engines\\PhpEngine->evaluatePath()
#17 /var/www/html/vendor/laravel/framework/src/Illuminate/View/Engines/CompilerEngine.php(61): Livewire\\CompilerEngineForIgnition->evaluatePath()
#18 /var/www/html/vendor/facade/ignition/src/Views/Engines/CompilerEngine.php(37): Illuminate\\View\\Engines\\CompilerEngine->get()
#19 /var/www/html/vendor/laravel/framework/src/Illuminate/View/View.php(139): Facade\\Ignition\\Views\\Engines\\CompilerEngine->get()
#20 /var/www/html/vendor/laravel/framework/src/Illuminate/View/View.php(122): Illuminate\\View\\View->getContents()
#21 /var/www/html/vendor/laravel/framework/src/Illuminate/View/View.php(91): Illuminate\\View\\View->renderContents()
#22 /var/www/html/vendor/laravel/framework/src/Illuminate/Http/Response.php(69): Illuminate\\View\\View->render()
#23 /var/www/html/vendor/laravel/framework/src/Illuminate/Http/Response.php(35): Illuminate\\Http\\Response->setContent()
#24 /var/www/html/vendor/laravel/framework/src/Illuminate/Routing/Router.php(794): Illuminate\\Http\\Response->__construct()
#25 /var/www/html/vendor/laravel/framework/src/Illuminate/Routing/Router.php(763): Illuminate\\Routing\\Router::toResponse()
#26 /var/www/html/vendor/laravel/framework/src/Illuminate/Routing/Router.php(695): Illuminate\\Routing\\Router->prepareResponse()
#27 /var/www/html/vendor/laravel/framework/src/Illuminate/Pipeline/Pipeline.php(128): Illuminate\\Routing\\Router->Illuminate\\Routing\\{closure}()
#28 /var/www/html/app/Http/Middleware/SelectLocale.php(40): Illuminate\\Pipeline\\Pipeline->Illuminate\\Pipeline\\{closure}()
#29 /var/www/html/vendor/laravel/framework/src/Illuminate/Pipeline/Pipeline.php(167): App\\Http\\Middleware\\SelectLocale->handle()
#30 /var/www/html/vendor/laravel/framework/src/Illuminate/Routing/Middleware/SubstituteBindings.php(50): Illuminate\\Pipeline\\Pipeline->Illuminate\\Pipeline\\{closure}()
#31 /var/www/html/vendor/laravel/framework/src/Illuminate/Pipeline/Pipeline.php(167): Illuminate\\Routing\\Middleware\\SubstituteBindings->handle()
#32 /var/www/html/vendor/laravel/framework/src/Illuminate/Auth/Middleware/Authenticate.php(44): Illuminate\\Pipeline\\Pipeline->Illuminate\\Pipeline\\{closure}()
#33 /var/www/html/vendor/laravel/framework/src/Illuminate/Pipeline/Pipeline.php(167): Illuminate\\Auth\\Middleware\\Authenticate->handle()
#34 /var/www/html/vendor/laravel/framework/src/Illuminate/Foundation/Http/Middleware/VerifyCsrfToken.php(78): Illuminate\\Pipeline\\Pipeline->Illuminate\\Pipeline\\{closure}()
#35 /var/www/html/vendor/laravel/framework/src/Illuminate/Pipeline/Pipeline.php(167): Illuminate\\Foundation\\Http\\Middleware\\VerifyCsrfToken->handle()
#36 /var/www/html/vendor/laravel/framework/src/Illuminate/View/Middleware/ShareErrorsFromSession.php(49): Illuminate\\Pipeline\\Pipeline->Illuminate\\Pipeline\\{closure}()
#37 /var/www/html/vendor/laravel/framework/src/Illuminate/Pipeline/Pipeline.php(167): Illuminate\\View\\Middleware\\ShareErrorsFromSession->handle()
#38 /var/www/html/vendor/laravel/framework/src/Illuminate/Session/Middleware/StartSession.php(121): Illuminate\\Pipeline\\Pipeline->Illuminate\\Pipeline\\{closure}()
#39 /var/www/html/vendor/laravel/framework/src/Illuminate/Session/Middleware/StartSession.php(64): Illuminate\\Session\\Middleware\\StartSession->handleStatefulRequest()
#40 /var/www/html/vendor/laravel/framework/src/Illuminate/Pipeline/Pipeline.php(167): Illuminate\\Session\\Middleware\\StartSession->handle()
#41 /var/www/html/vendor/laravel/framework/src/Illuminate/Cookie/Middleware/AddQueuedCookiesToResponse.php(37): Illuminate\\Pipeline\\Pipeline->Illuminate\\Pipeline\\{closure}()
#42 /var/www/html/vendor/laravel/framework/src/Illuminate/Pipeline/Pipeline.php(167): Illuminate\\Cookie\\Middleware\\AddQueuedCookiesToResponse->handle()
#43 /var/www/html/vendor/laravel/framework/src/Illuminate/Cookie/Middleware/EncryptCookies.php(67): Illuminate\\Pipeline\\Pipeline->Illuminate\\Pipeline\\{closure}()
#44 /var/www/html/vendor/laravel/framework/src/Illuminate/Pipeline/Pipeline.php(167): Illuminate\\Cookie\\Middleware\\EncryptCookies->handle()
#45 /var/www/html/vendor/laravel/framework/src/Illuminate/Pipeline/Pipeline.php(103): Illuminate\\Pipeline\\Pipeline->Illuminate\\Pipeline\\{closure}()
#46 /var/www/html/vendor/laravel/framework/src/Illuminate/Routing/Router.php(697): Illuminate\\Pipeline\\Pipeline->then()
#47 /var/www/html/vendor/laravel/framework/src/Illuminate/Routing/Router.php(672): Illuminate\\Routing\\Router->runRouteWithinStack()
#48 /var/www/html/vendor/laravel/framework/src/Illuminate/Routing/Router.php(636): Illuminate\\Routing\\Router->runRoute()
#49 /var/www/html/vendor/laravel/framework/src/Illuminate/Routing/Router.php(625): Illuminate\\Routing\\Router->dispatchToRoute()
#50 /var/www/html/vendor/laravel/framework/src/Illuminate/Foundation/Http/Kernel.php(166): Illuminate\\Routing\\Router->dispatch()
#51 /var/www/html/vendor/laravel/framework/src/Illuminate/Pipeline/Pipeline.php(128): Illuminate\\Foundation\\Http\\Kernel->Illuminate\\Foundation\\Http\\{closure}()
#52 /var/www/html/vendor/laravel/framework/src/Illuminate/Foundation/Http/Middleware/TransformsRequest.php(21): Illuminate\\Pipeline\\Pipeline->Illuminate\\Pipeline\\{closure}()
#53 /var/www/html/vendor/laravel/framework/src/Illuminate/Foundation/Http/Middleware/ConvertEmptyStringsToNull.php(31): Illuminate\\Foundation\\Http\\Middleware\\TransformsRequest->handle()
#54 /var/www/html/vendor/laravel/framework/src/Illuminate/Pipeline/Pipeline.php(167): Illuminate\\Foundation\\Http\\Middleware\\ConvertEmptyStringsToNull->handle()
#55 /var/www/html/vendor/laravel/framework/src/Illuminate/Foundation/Http/Middleware/TransformsRequest.php(21): Illuminate\\Pipeline\\Pipeline->Illuminate\\Pipeline\\{closure}()
#56 /var/www/html/vendor/laravel/framework/src/Illuminate/Foundation/Http/Middleware/TrimStrings.php(40): Illuminate\\Foundation\\Http\\Middleware\\TransformsRequest->handle()
#57 /var/www/html/vendor/laravel/framework/src/Illuminate/Pipeline/Pipeline.php(167): Illuminate\\Foundation\\Http\\Middleware\\TrimStrings->handle()
#58 /var/www/html/vendor/laravel/framework/src/Illuminate/Foundation/Http/Middleware/ValidatePostSize.php(27): Illuminate\\Pipeline\\Pipeline->Illuminate\\Pipeline\\{closure}()
#59 /var/www/html/vendor/laravel/framework/src/Illuminate/Pipeline/Pipeline.php(167): Illuminate\\Foundation\\Http\\Middleware\\ValidatePostSize->handle()
#60 /var/www/html/vendor/laravel/framework/src/Illuminate/Foundation/Http/Middleware/PreventRequestsDuringMaintenance.php(86): Illuminate\\Pipeline\\Pipeline->Illuminate\\Pipeline\\{closure}()
#61 /var/www/html/vendor/laravel/framework/src/Illuminate/Pipeline/Pipeline.php(167): Illuminate\\Foundation\\Http\\Middleware\\PreventRequestsDuringMaintenance->handle()
#62 /var/www/html/vendor/fruitcake/laravel-cors/src/HandleCors.php(38): Illuminate\\Pipeline\\Pipeline->Illuminate\\Pipeline\\{closure}()
#63 /var/www/html/vendor/laravel/framework/src/Illuminate/Pipeline/Pipeline.php(167): Fruitcake\\Cors\\HandleCors->handle()
#64 /var/www/html/vendor/fideloper/proxy/src/TrustProxies.php(57): Illuminate\\Pipeline\\Pipeline->Illuminate\\Pipeline\\{closure}()
#65 /var/www/html/vendor/laravel/framework/src/Illuminate/Pipeline/Pipeline.php(167): Fideloper\\Proxy\\TrustProxies->handle()
#66 /var/www/html/vendor/laravel/framework/src/Illuminate/Pipeline/Pipeline.php(103): Illuminate\\Pipeline\\Pipeline->Illuminate\\Pipeline\\{closure}()
#67 /var/www/html/vendor/laravel/framework/src/Illuminate/Foundation/Http/Kernel.php(141): Illuminate\\Pipeline\\Pipeline->then()
#68 /var/www/html/vendor/laravel/framework/src/Illuminate/Foundation/Http/Kernel.php(110): Illuminate\\Foundation\\Http\\Kernel->sendRequestThroughRouter()
#69 /var/www/html/public/index.php(52): Illuminate\\Foundation\\Http\\Kernel->handle()
#70 {main}

[previous exception] [object] (Error(code: 0): Call to undefined function getDetails() at /var/www/html/storage/framework/views/58f1b330f0e5eb528f4599a7a925eedc2d1d8b05.php:1)
[stacktrace]
#0 /var/www/html/vendor/livewire/livewire/src/ComponentConcerns/RendersLivewireComponents.php(48): include()
#1 /var/www/html/vendor/livewire/livewire/src/ComponentConcerns/RendersLivewireComponents.php(49): Livewire\\CompilerEngineForIgnition->Livewire\\ComponentConcerns\\{closure}()
#2 /var/www/html/vendor/laravel/framework/src/Illuminate/View/Engines/CompilerEngine.php(61): Livewire\\CompilerEngineForIgnition->evaluatePath()
#3 /var/www/html/vendor/facade/ignition/src/Views/Engines/CompilerEngine.php(37): Illuminate\\View\\Engines\\CompilerEngine->get()
#4 /var/www/html/vendor/laravel/framework/src/Illuminate/View/View.php(139): Facade\\Ignition\\Views\\Engines\\CompilerEngine->get()
#5 /var/www/html/vendor/laravel/framework/src/Illuminate/View/View.php(122): Illuminate\\View\\View->getContents()
#6 /var/www/html/vendor/laravel/framework/src/Illuminate/View/View.php(91): Illuminate\\View\\View->renderContents()
#7 /var/www/html/vendor/livewire/livewire/src/Component.php(184): Illuminate\\View\\View->render()
#8 /var/www/html/vendor/livewire/livewire/src/HydrationMiddleware/RenderView.php(14): Livewire\\Component->output()
#9 /var/www/html/vendor/livewire/livewire/src/LifecycleManager.php(132): Livewire\\HydrationMiddleware\\RenderView::dehydrate()
#10 /var/www/html/vendor/livewire/livewire/src/LivewireManager.php(103): Livewire\\LifecycleManager->initialDehydrate()
#11 /var/www/html/vendor/laravel/framework/src/Illuminate/Support/Facades/Facade.php(261): Livewire\\LivewireManager->mount()
#12 /var/www/html/storage/framework/views/30d5a448a215373ae53d0640c739d4dce930e409.php(30): Illuminate\\Support\\Facades\\Facade::__callStatic()
#13 /var/www/html/vendor/laravel/framework/src/Illuminate/Filesystem/Filesystem.php(107): require('/var/www/html/s...')
#14 /var/www/html/vendor/laravel/framework/src/Illuminate/Filesystem/Filesystem.php(108): Illuminate\\Filesystem\\Filesystem::Illuminate\\Filesystem\\{closure}()
#15 /var/www/html/vendor/laravel/framework/src/Illuminate/View/Engines/PhpEngine.php(58): Illuminate\\Filesystem\\Filesystem->getRequire()
#16 /var/www/html/vendor/livewire/livewire/src/ComponentConcerns/RendersLivewireComponents.php(35): Illuminate\\View\\Engines\\PhpEngine->evaluatePath()
#17 /var/www/html/vendor/laravel/framework/src/Illuminate/View/Engines/CompilerEngine.php(61): Livewire\\CompilerEngineForIgnition->evaluatePath()
#18 /var/www/html/vendor/facade/ignition/src/Views/Engines/CompilerEngine.php(37): Illuminate\\View\\Engines\\CompilerEngine->get()
#19 /var/www/html/vendor/laravel/framework/src/Illuminate/View/View.php(139): Facade\\Ignition\\Views\\Engines\\CompilerEngine->get()
#20 /var/www/html/vendor/laravel/framework/src/Illuminate/View/View.php(122): Illuminate\\View\\View->getContents()
#21 /var/www/html/vendor/laravel/framework/src/Illuminate/View/View.php(91): Illuminate\\View\\View->renderContents()
#22 /var/www/html/vendor/laravel/framework/src/Illuminate/Http/Response.php(69): Illuminate\\View\\View->render()
#23 /var/www/html/vendor/laravel/framework/src/Illuminate/Http/Response.php(35): Illuminate\\Http\\Response->setContent()
#24 /var/www/html/vendor/laravel/framework/src/Illuminate/Routing/Router.php(794): Illuminate\\Http\\Response->__construct()
#25 /var/www/html/vendor/laravel/framework/src/Illuminate/Routing/Router.php(763): Illuminate\\Routing\\Router::toResponse()
#26 /var/www/html/vendor/laravel/framework/src/Illuminate/Routing/Router.php(695): Illuminate\\Routing\\Router->prepareResponse()
#27 /var/www/html/vendor/laravel/framework/src/Illuminate/Pipeline/Pipeline.php(128): Illuminate\\Routing\\Router->Illuminate\\Routing\\{closure}()
#28 /var/www/html/app/Http/Middleware/SelectLocale.php(40): Illuminate\\Pipeline\\Pipeline->Illuminate\\Pipeline\\{closure}()
#29 /var/www/html/vendor/laravel/framework/src/Illuminate/Pipeline/Pipeline.php(167): App\\Http\\Middleware\\SelectLocale->handle()
#30 /var/www/html/vendor/laravel/framework/src/Illuminate/Routing/Middleware/SubstituteBindings.php(50): Illuminate\\Pipeline\\Pipeline->Illuminate\\Pipeline\\{closure}()
#31 /var/www/html/vendor/laravel/framework/src/Illuminate/Pipeline/Pipeline.php(167): Illuminate\\Routing\\Middleware\\SubstituteBindings->handle()
#32 /var/www/html/vendor/laravel/framework/src/Illuminate/Auth/Middleware/Authenticate.php(44): Illuminate\\Pipeline\\Pipeline->Illuminate\\Pipeline\\{closure}()
#33 /var/www/html/vendor/laravel/framework/src/Illuminate/Pipeline/Pipeline.php(167): Illuminate\\Auth\\Middleware\\Authenticate->handle()
#34 /var/www/html/vendor/laravel/framework/src/Illuminate/Foundation/Http/Middleware/VerifyCsrfToken.php(78): Illuminate\\Pipeline\\Pipeline->Illuminate\\Pipeline\\{closure}()
#35 /var/www/html/vendor/laravel/framework/src/Illuminate/Pipeline/Pipeline.php(167): Illuminate\\Foundation\\Http\\Middleware\\VerifyCsrfToken->handle()
#36 /var/www/html/vendor/laravel/framework/src/Illuminate/View/Middleware/ShareErrorsFromSession.php(49): Illuminate\\Pipeline\\Pipeline->Illuminate\\Pipeline\\{closure}()
#37 /var/www/html/vendor/laravel/framework/src/Illuminate/Pipeline/Pipeline.php(167): Illuminate\\View\\Middleware\\ShareErrorsFromSession->handle()
#38 /var/www/html/vendor/laravel/framework/src/Illuminate/Session/Middleware/StartSession.php(121): Illuminate\\Pipeline\\Pipeline->Illuminate\\Pipeline\\{closure}()
#39 /var/www/html/vendor/laravel/framework/src/Illuminate/Session/Middleware/StartSession.php(64): Illuminate\\Session\\Middleware\\StartSession->handleStatefulRequest()
#40 /var/www/html/vendor/laravel/framework/src/Illuminate/Pipeline/Pipeline.php(167): Illuminate\\Session\\Middleware\\StartSession->handle()
#41 /var/www/html/vendor/laravel/framework/src/Illuminate/Cookie/Middleware/AddQueuedCookiesToResponse.php(37): Illuminate\\Pipeline\\Pipeline->Illuminate\\Pipeline\\{closure}()
#42 /var/www/html/vendor/laravel/framework/src/Illuminate/Pipeline/Pipeline.php(167): Illuminate\\Cookie\\Middleware\\AddQueuedCookiesToResponse->handle()
#43 /var/www/html/vendor/laravel/framework/src/Illuminate/Cookie/Middleware/EncryptCookies.php(67): Illuminate\\Pipeline\\Pipeline->Illuminate\\Pipeline\\{closure}()
#44 /var/www/html/vendor/laravel/framework/src/Illuminate/Pipeline/Pipeline.php(167): Illuminate\\Cookie\\Middleware\\EncryptCookies->handle()
#45 /var/www/html/vendor/laravel/framework/src/Illuminate/Pipeline/Pipeline.php(103): Illuminate\\Pipeline\\Pipeline->Illuminate\\Pipeline\\{closure}()
#46 /var/www/html/vendor/laravel/framework/src/Illuminate/Routing/Router.php(697): Illuminate\\Pipeline\\Pipeline->then()
#47 /var/www/html/vendor/laravel/framework/src/Illuminate/Routing/Router.php(672): Illuminate\\Routing\\Router->runRouteWithinStack()
#48 /var/www/html/vendor/laravel/framework/src/Illuminate/Routing/Router.php(636): Illuminate\\Routing\\Router->runRoute()
#49 /var/www/html/vendor/laravel/framework/src/Illuminate/Routing/Router.php(625): Illuminate\\Routing\\Router->dispatchToRoute()
#50 /var/www/html/vendor/laravel/framework/src/Illuminate/Foundation/Http/Kernel.php(166): Illuminate\\Routing\\Router->dispatch()
#51 /var/www/html/vendor/laravel/framework/src/Illuminate/Pipeline/Pipeline.php(128): Illuminate\\Foundation\\Http\\Kernel->Illuminate\\Foundation\\Http\\{closure}()
#52 /var/www/html/vendor/laravel/framework/src/Illuminate/Foundation/Http/Middleware/TransformsRequest.php(21): Illuminate\\Pipeline\\Pipeline->Illuminate\\Pipeline\\{closure}()
#53 /var/www/html/vendor/laravel/framework/src/Illuminate/Foundation/Http/Middleware/ConvertEmptyStringsToNull.php(31): Illuminate\\Foundation\\Http\\Middleware\\TransformsRequest->handle()
#54 /var/www/html/vendor/laravel/framework/src/Illuminate/Pipeline/Pipeline.php(167): Illuminate\\Foundation\\Http\\Middleware\\ConvertEmptyStringsToNull->handle()
#55 /var/www/html/vendor/laravel/framework/src/Illuminate/Foundation/Http/Middleware/TransformsRequest.php(21): Illuminate\\Pipeline\\Pipeline->Illuminate\\Pipeline\\{closure}()
#56 /var/www/html/vendor/laravel/framework/src/Illuminate/Foundation/Http/Middleware/TrimStrings.php(40): Illuminate\\Foundation\\Http\\Middleware\\TransformsRequest->handle()
#57 /var/www/html/vendor/laravel/framework/src/Illuminate/Pipeline/Pipeline.php(167): Illuminate\\Foundation\\Http\\Middleware\\TrimStrings->handle()
#58 /var/www/html/vendor/laravel/framework/src/Illuminate/Foundation/Http/Middleware/ValidatePostSize.php(27): Illuminate\\Pipeline\\Pipeline->Illuminate\\Pipeline\\{closure}()
#59 /var/www/html/vendor/laravel/framework/src/Illuminate/Pipeline/Pipeline.php(167): Illuminate\\Foundation\\Http\\Middleware\\ValidatePostSize->handle()
#60 /var/www/html/vendor/laravel/framework/src/Illuminate/Foundation/Http/Middleware/PreventRequestsDuringMaintenance.php(86): Illuminate\\Pipeline\\Pipeline->Illuminate\\Pipeline\\{closure}()
#61 /var/www/html/vendor/laravel/framework/src/Illuminate/Pipeline/Pipeline.php(167): Illuminate\\Foundation\\Http\\Middleware\\PreventRequestsDuringMaintenance->handle()
#62 /var/www/html/vendor/fruitcake/laravel-cors/src/HandleCors.php(38): Illuminate\\Pipeline\\Pipeline->Illuminate\\Pipeline\\{closure}()
#63 /var/www/html/vendor/laravel/framework/src/Illuminate/Pipeline/Pipeline.php(167): Fruitcake\\Cors\\HandleCors->handle()
#64 /var/www/html/vendor/fideloper/proxy/src/TrustProxies.php(57): Illuminate\\Pipeline\\Pipeline->Illuminate\\Pipeline\\{closure}()
#65 /var/www/html/vendor/laravel/framework/src/Illuminate/Pipeline/Pipeline.php(167): Fideloper\\Proxy\\TrustProxies->handle()
#66 /var/www/html/vendor/laravel/framework/src/Illuminate/Pipeline/Pipeline.php(103): Illuminate\\Pipeline\\Pipeline->Illuminate\\Pipeline\\{closure}()
#67 /var/www/html/vendor/laravel/framework/src/Illuminate/Foundation/Http/Kernel.php(141): Illuminate\\Pipeline\\Pipeline->then()
#68 /var/www/html/vendor/laravel/framework/src/Illuminate/Foundation/Http/Kernel.php(110): Illuminate\\Foundation\\Http\\Kernel->sendRequestThroughRouter()
#69 /var/www/html/public/index.php(52): Illuminate\\Foundation\\Http\\Kernel->handle()
#70 {main}
"} 
